<?xml version="1.0" encoding="UTF-8"?>
<coverage generated="1669132640196" clover="3.2.0">
  <project timestamp="1669132640196" name="All files">
    <metrics statements="30" coveredstatements="8" conditionals="17" coveredconditionals="3" methods="8" coveredmethods="2" elements="55" coveredelements="13" complexity="0" loc="30" ncloc="30" packages="1" files="1" classes="1"/>
    <file name="calculateDueDate.js" path="/Users/zsuzsannagyori/Desktop/due-date-calculator-1/calculateDueDate.js">
      <metrics statements="30" coveredstatements="8" conditionals="17" coveredconditionals="3" methods="8" coveredmethods="2"/>
      <line num="5" count="1" type="stmt"/>
      <line num="6" count="1" type="stmt"/>
      <line num="11" count="0" type="cond" truecount="0" falsecount="2"/>
      <line num="15" count="0" type="cond" truecount="0" falsecount="2"/>
      <line num="19" count="9" type="stmt"/>
      <line num="30" count="0" type="stmt"/>
      <line num="34" count="0" type="stmt"/>
      <line num="35" count="0" type="stmt"/>
      <line num="37" count="0" type="cond" truecount="0" falsecount="2"/>
      <line num="38" count="0" type="stmt"/>
      <line num="46" count="0" type="stmt"/>
      <line num="47" count="0" type="stmt"/>
      <line num="48" count="0" type="stmt"/>
      <line num="52" count="0" type="stmt"/>
      <line num="53" count="0" type="stmt"/>
      <line num="54" count="0" type="stmt"/>
      <line num="56" count="0" type="stmt"/>
      <line num="63" count="9" type="stmt"/>
      <line num="64" count="9" type="stmt"/>
      <line num="66" count="9" type="cond" truecount="2" falsecount="3"/>
      <line num="67" count="9" type="stmt"/>
      <line num="69" count="0" type="stmt"/>
      <line num="70" count="0" type="stmt"/>
      <line num="71" count="0" type="stmt"/>
      <line num="73" count="0" type="stmt"/>
      <line num="75" count="0" type="stmt"/>
      <line num="76" count="0" type="cond" truecount="0" falsecount="2"/>
      <line num="77" count="0" type="stmt"/>
      <line num="80" count="0" type="stmt"/>
      <line num="83" count="1" type="stmt"/>
    </file>
  </project>
</coverage>
