<?xml version="1.0" encoding="UTF-8"?>
<coverage generated="1669146068045" clover="3.2.0">
  <project timestamp="1669146068045" name="All files">
    <metrics statements="35" coveredstatements="35" conditionals="21" coveredconditionals="19" methods="8" coveredmethods="8" elements="64" coveredelements="62" complexity="0" loc="35" ncloc="35" packages="1" files="1" classes="1"/>
    <file name="calculateDueDate.js" path="/Users/zsuzsannagyori/Desktop/due-date-calculator/calculateDueDate.js">
      <metrics statements="35" coveredstatements="35" conditionals="21" coveredconditionals="19" methods="8" coveredmethods="8"/>
      <line num="1" count="1" type="stmt"/>
      <line num="9" count="1" type="stmt"/>
      <line num="10" count="1" type="stmt"/>
      <line num="13" count="15" type="cond" truecount="2" falsecount="0"/>
      <line num="17" count="8" type="stmt"/>
      <line num="28" count="8" type="stmt"/>
      <line num="37" count="7" type="stmt"/>
      <line num="41" count="3" type="stmt"/>
      <line num="42" count="7" type="stmt"/>
      <line num="44" count="7" type="cond" truecount="2" falsecount="0"/>
      <line num="45" count="3" type="stmt"/>
      <line num="51" count="3" type="stmt"/>
      <line num="52" count="3" type="stmt"/>
      <line num="53" count="3" type="stmt"/>
      <line num="54" count="3" type="stmt"/>
      <line num="55" count="3" type="stmt"/>
      <line num="59" count="7" type="stmt"/>
      <line num="60" count="7" type="stmt"/>
      <line num="61" count="7" type="stmt"/>
      <line num="62" count="7" type="stmt"/>
      <line num="63" count="7" type="stmt"/>
      <line num="65" count="7" type="stmt"/>
      <line num="75" count="8" type="stmt"/>
      <line num="76" count="8" type="stmt"/>
      <line num="78" count="8" type="cond" truecount="5" falsecount="0"/>
      <line num="79" count="4" type="stmt"/>
      <line num="81" count="4" type="stmt"/>
      <line num="82" count="7" type="stmt"/>
      <line num="83" count="7" type="stmt"/>
      <line num="85" count="7" type="stmt"/>
      <line num="87" count="7" type="stmt"/>
      <line num="88" count="7" type="cond" truecount="2" falsecount="0"/>
      <line num="89" count="3" type="stmt"/>
      <line num="92" count="4" type="stmt"/>
      <line num="95" count="1" type="stmt"/>
    </file>
  </project>
</coverage>
