{"/Users/zsuzsannagyori/Desktop/due-date-calculator/calculateDueDate.js": {"path":"/Users/zsuzsannagyori/Desktop/due-date-calculator/calculateDueDate.js","statementMap":{"0":{"start":{"line":1,"column":0},"end":{"line":1,"column":13}},"1":{"start":{"line":9,"column":21},"end":{"line":9,"column":22}},"2":{"start":{"line":10,"column":22},"end":{"line":10,"column":24}},"3":{"start":{"line":13,"column":2},"end":{"line":13,"column":50}},"4":{"start":{"line":17,"column":2},"end":{"line":24,"column":4}},"5":{"start":{"line":28,"column":2},"end":{"line":33,"column":4}},"6":{"start":{"line":37,"column":2},"end":{"line":37,"column":35}},"7":{"start":{"line":41,"column":2},"end":{"line":47,"column":3}},"8":{"start":{"line":42,"column":4},"end":{"line":42,"column":17}},"9":{"start":{"line":44,"column":4},"end":{"line":46,"column":5}},"10":{"start":{"line":45,"column":6},"end":{"line":45,"column":13}},"11":{"start":{"line":51,"column":2},"end":{"line":51,"column":22}},"12":{"start":{"line":52,"column":2},"end":{"line":52,"column":30}},"13":{"start":{"line":53,"column":2},"end":{"line":53,"column":21}},"14":{"start":{"line":54,"column":2},"end":{"line":54,"column":21}},"15":{"start":{"line":55,"column":2},"end":{"line":55,"column":26}},"16":{"start":{"line":59,"column":12},"end":{"line":59,"column":26}},"17":{"start":{"line":60,"column":2},"end":{"line":60,"column":30}},"18":{"start":{"line":61,"column":2},"end":{"line":61,"column":20}},"19":{"start":{"line":62,"column":2},"end":{"line":62,"column":20}},"20":{"start":{"line":63,"column":2},"end":{"line":63,"column":25}},"21":{"start":{"line":65,"column":2},"end":{"line":65,"column":40}},"22":{"start":{"line":75,"column":19},"end":{"line":75,"column":39}},"23":{"start":{"line":76,"column":22},"end":{"line":76,"column":53}},"24":{"start":{"line":78,"column":2},"end":{"line":79,"column":55}},"25":{"start":{"line":79,"column":4},"end":{"line":79,"column":55}},"26":{"start":{"line":81,"column":2},"end":{"line":91,"column":3}},"27":{"start":{"line":82,"column":24},"end":{"line":82,"column":52}},"28":{"start":{"line":83,"column":22},"end":{"line":83,"column":60}},"29":{"start":{"line":85,"column":4},"end":{"line":85,"column":59}},"30":{"start":{"line":87,"column":4},"end":{"line":87,"column":48}},"31":{"start":{"line":88,"column":4},"end":{"line":90,"column":5}},"32":{"start":{"line":89,"column":6},"end":{"line":89,"column":26}},"33":{"start":{"line":92,"column":2},"end":{"line":92,"column":20}},"34":{"start":{"line":95,"column":0},"end":{"line":95,"column":34}}},"fnMap":{"0":{"name":"isWorkDay","decl":{"start":{"line":12,"column":9},"end":{"line":12,"column":18}},"loc":{"start":{"line":12,"column":25},"end":{"line":14,"column":1}},"line":12},"1":{"name":"isWorkHour","decl":{"start":{"line":16,"column":9},"end":{"line":16,"column":19}},"loc":{"start":{"line":16,"column":26},"end":{"line":25,"column":1}},"line":16},"2":{"name":"isWorkTime","decl":{"start":{"line":27,"column":9},"end":{"line":27,"column":19}},"loc":{"start":{"line":27,"column":32},"end":{"line":34,"column":1}},"line":27},"3":{"name":"addDay","decl":{"start":{"line":36,"column":9},"end":{"line":36,"column":15}},"loc":{"start":{"line":36,"column":22},"end":{"line":38,"column":1}},"line":36},"4":{"name":"addWeekDay","decl":{"start":{"line":40,"column":9},"end":{"line":40,"column":19}},"loc":{"start":{"line":40,"column":32},"end":{"line":48,"column":1}},"line":40},"5":{"name":"nextDay","decl":{"start":{"line":50,"column":9},"end":{"line":50,"column":16}},"loc":{"start":{"line":50,"column":23},"end":{"line":56,"column":1}},"line":50},"6":{"name":"getRemainderTime","decl":{"start":{"line":58,"column":9},"end":{"line":58,"column":25}},"loc":{"start":{"line":58,"column":32},"end":{"line":66,"column":1}},"line":58},"7":{"name":"calculateDueDate","decl":{"start":{"line":74,"column":9},"end":{"line":74,"column":25}},"loc":{"start":{"line":74,"column":54},"end":{"line":93,"column":1}},"line":74}},"branchMap":{"0":{"loc":{"start":{"line":13,"column":9},"end":{"line":13,"column":49}},"type":"binary-expr","locations":[{"start":{"line":13,"column":9},"end":{"line":13,"column":27}},{"start":{"line":13,"column":31},"end":{"line":13,"column":49}}],"line":13},"1":{"loc":{"start":{"line":18,"column":4},"end":{"line":23,"column":38}},"type":"binary-expr","locations":[{"start":{"line":18,"column":4},"end":{"line":18,"column":35}},{"start":{"line":19,"column":5},"end":{"line":19,"column":36}},{"start":{"line":20,"column":7},"end":{"line":20,"column":40}},{"start":{"line":21,"column":8},"end":{"line":21,"column":31}},{"start":{"line":22,"column":8},"end":{"line":22,"column":31}},{"start":{"line":23,"column":8},"end":{"line":23,"column":36}}],"line":18},"2":{"loc":{"start":{"line":29,"column":4},"end":{"line":32,"column":26}},"type":"binary-expr","locations":[{"start":{"line":29,"column":4},"end":{"line":29,"column":30}},{"start":{"line":30,"column":4},"end":{"line":30,"column":45}},{"start":{"line":31,"column":4},"end":{"line":31,"column":25}},{"start":{"line":32,"column":4},"end":{"line":32,"column":26}}],"line":29},"3":{"loc":{"start":{"line":44,"column":4},"end":{"line":46,"column":5}},"type":"if","locations":[{"start":{"line":44,"column":4},"end":{"line":46,"column":5}},{"start":{},"end":{}}],"line":44},"4":{"loc":{"start":{"line":78,"column":2},"end":{"line":79,"column":55}},"type":"if","locations":[{"start":{"line":78,"column":2},"end":{"line":79,"column":55}},{"start":{},"end":{}}],"line":78},"5":{"loc":{"start":{"line":78,"column":6},"end":{"line":78,"column":77}},"type":"binary-expr","locations":[{"start":{"line":78,"column":6},"end":{"line":78,"column":29}},{"start":{"line":78,"column":33},"end":{"line":78,"column":54}},{"start":{"line":78,"column":58},"end":{"line":78,"column":77}}],"line":78},"6":{"loc":{"start":{"line":88,"column":4},"end":{"line":90,"column":5}},"type":"if","locations":[{"start":{"line":88,"column":4},"end":{"line":90,"column":5}},{"start":{},"end":{}}],"line":88}},"s":{"0":1,"1":1,"2":1,"3":15,"4":8,"5":8,"6":7,"7":3,"8":7,"9":7,"10":3,"11":3,"12":3,"13":3,"14":3,"15":3,"16":7,"17":7,"18":7,"19":7,"20":7,"21":7,"22":8,"23":8,"24":8,"25":4,"26":4,"27":7,"28":7,"29":7,"30":7,"31":7,"32":3,"33":4,"34":1},"f":{"0":15,"1":8,"2":8,"3":7,"4":3,"5":3,"6":7,"7":8},"b":{"0":[15,13],"1":[8,7,1,1,0,0],"2":[8,8,8,8],"3":[3,4],"4":[4,4],"5":[8,6,6],"6":[3,4]},"_coverageSchema":"1a1c01bbd47fc00a2c39e90264f33305004495a9","hash":"8414c54199be64bbc2e2aa869c56377ac8250dd1"}
}
