{"/Users/zsuzsannagyori/Desktop/due-date-calculator-1/calculateDueDate.js": {"path":"/Users/zsuzsannagyori/Desktop/due-date-calculator-1/calculateDueDate.js","statementMap":{"0":{"start":{"line":5,"column":21},"end":{"line":5,"column":22}},"1":{"start":{"line":6,"column":22},"end":{"line":6,"column":24}},"2":{"start":{"line":11,"column":2},"end":{"line":11,"column":50}},"3":{"start":{"line":15,"column":2},"end":{"line":15,"column":77}},"4":{"start":{"line":19,"column":2},"end":{"line":24,"column":4}},"5":{"start":{"line":30,"column":2},"end":{"line":30,"column":35}},"6":{"start":{"line":34,"column":2},"end":{"line":40,"column":3}},"7":{"start":{"line":35,"column":4},"end":{"line":35,"column":17}},"8":{"start":{"line":37,"column":4},"end":{"line":39,"column":5}},"9":{"start":{"line":38,"column":6},"end":{"line":38,"column":13}},"10":{"start":{"line":46,"column":2},"end":{"line":46,"column":22}},"11":{"start":{"line":47,"column":2},"end":{"line":47,"column":30}},"12":{"start":{"line":48,"column":2},"end":{"line":48,"column":21}},"13":{"start":{"line":52,"column":12},"end":{"line":52,"column":26}},"14":{"start":{"line":53,"column":2},"end":{"line":53,"column":30}},"15":{"start":{"line":54,"column":2},"end":{"line":54,"column":20}},"16":{"start":{"line":56,"column":2},"end":{"line":56,"column":40}},"17":{"start":{"line":63,"column":19},"end":{"line":63,"column":39}},"18":{"start":{"line":64,"column":26},"end":{"line":64,"column":45}},"19":{"start":{"line":66,"column":2},"end":{"line":67,"column":55}},"20":{"start":{"line":67,"column":4},"end":{"line":67,"column":55}},"21":{"start":{"line":69,"column":2},"end":{"line":79,"column":3}},"22":{"start":{"line":70,"column":24},"end":{"line":70,"column":50}},"23":{"start":{"line":71,"column":22},"end":{"line":71,"column":64}},"24":{"start":{"line":73,"column":4},"end":{"line":73,"column":59}},"25":{"start":{"line":75,"column":4},"end":{"line":75,"column":56}},"26":{"start":{"line":76,"column":4},"end":{"line":78,"column":5}},"27":{"start":{"line":77,"column":6},"end":{"line":77,"column":26}},"28":{"start":{"line":80,"column":2},"end":{"line":80,"column":20}},"29":{"start":{"line":83,"column":0},"end":{"line":83,"column":34}}},"fnMap":{"0":{"name":"isWorkDay","decl":{"start":{"line":10,"column":9},"end":{"line":10,"column":18}},"loc":{"start":{"line":10,"column":25},"end":{"line":12,"column":1}},"line":10},"1":{"name":"isWorkHour","decl":{"start":{"line":14,"column":9},"end":{"line":14,"column":19}},"loc":{"start":{"line":14,"column":26},"end":{"line":16,"column":1}},"line":14},"2":{"name":"isWorkTime","decl":{"start":{"line":18,"column":9},"end":{"line":18,"column":19}},"loc":{"start":{"line":18,"column":32},"end":{"line":25,"column":1}},"line":18},"3":{"name":"addDay","decl":{"start":{"line":29,"column":9},"end":{"line":29,"column":15}},"loc":{"start":{"line":29,"column":22},"end":{"line":31,"column":1}},"line":29},"4":{"name":"addWeekDay","decl":{"start":{"line":33,"column":9},"end":{"line":33,"column":19}},"loc":{"start":{"line":33,"column":32},"end":{"line":41,"column":1}},"line":33},"5":{"name":"nextDay","decl":{"start":{"line":45,"column":9},"end":{"line":45,"column":16}},"loc":{"start":{"line":45,"column":23},"end":{"line":49,"column":1}},"line":45},"6":{"name":"getRemainderTime","decl":{"start":{"line":51,"column":9},"end":{"line":51,"column":25}},"loc":{"start":{"line":51,"column":32},"end":{"line":57,"column":1}},"line":51},"7":{"name":"calculateDueDate","decl":{"start":{"line":62,"column":9},"end":{"line":62,"column":25}},"loc":{"start":{"line":62,"column":54},"end":{"line":81,"column":1}},"line":62}},"branchMap":{"0":{"loc":{"start":{"line":11,"column":9},"end":{"line":11,"column":49}},"type":"binary-expr","locations":[{"start":{"line":11,"column":9},"end":{"line":11,"column":27}},{"start":{"line":11,"column":31},"end":{"line":11,"column":49}}],"line":11},"1":{"loc":{"start":{"line":15,"column":9},"end":{"line":15,"column":76}},"type":"binary-expr","locations":[{"start":{"line":15,"column":9},"end":{"line":15,"column":40}},{"start":{"line":15,"column":44},"end":{"line":15,"column":76}}],"line":15},"2":{"loc":{"start":{"line":20,"column":4},"end":{"line":23,"column":26}},"type":"binary-expr","locations":[{"start":{"line":20,"column":4},"end":{"line":20,"column":30}},{"start":{"line":21,"column":4},"end":{"line":21,"column":45}},{"start":{"line":22,"column":4},"end":{"line":22,"column":25}},{"start":{"line":23,"column":4},"end":{"line":23,"column":26}}],"line":20},"3":{"loc":{"start":{"line":37,"column":4},"end":{"line":39,"column":5}},"type":"if","locations":[{"start":{"line":37,"column":4},"end":{"line":39,"column":5}},{"start":{},"end":{}}],"line":37},"4":{"loc":{"start":{"line":66,"column":2},"end":{"line":67,"column":55}},"type":"if","locations":[{"start":{"line":66,"column":2},"end":{"line":67,"column":55}},{"start":{},"end":{}}],"line":66},"5":{"loc":{"start":{"line":66,"column":6},"end":{"line":66,"column":76}},"type":"binary-expr","locations":[{"start":{"line":66,"column":6},"end":{"line":66,"column":29}},{"start":{"line":66,"column":33},"end":{"line":66,"column":54}},{"start":{"line":66,"column":58},"end":{"line":66,"column":76}}],"line":66},"6":{"loc":{"start":{"line":76,"column":4},"end":{"line":78,"column":5}},"type":"if","locations":[{"start":{"line":76,"column":4},"end":{"line":78,"column":5}},{"start":{},"end":{}}],"line":76}},"s":{"0":1,"1":1,"2":0,"3":0,"4":9,"5":0,"6":0,"7":0,"8":0,"9":0,"10":0,"11":0,"12":0,"13":0,"14":0,"15":0,"16":0,"17":9,"18":9,"19":9,"20":9,"21":0,"22":0,"23":0,"24":0,"25":0,"26":0,"27":0,"28":0,"29":1},"f":{"0":0,"1":0,"2":9,"3":0,"4":0,"5":0,"6":0,"7":9},"b":{"0":[0,0],"1":[0,0],"2":[9,0,0,0],"3":[0,0],"4":[9,0],"5":[9,0,0],"6":[0,0]},"_coverageSchema":"1a1c01bbd47fc00a2c39e90264f33305004495a9","hash":"5ca9a23fcfeff76abd7121f3e1feb2f74a0bba3f"}
}
