TN:
SF:calculateDueDate.js
FN:10,isWorkDay
FN:14,isWorkHour
FN:18,isWorkTime
FN:29,addDay
FN:33,addWeekDay
FN:45,nextDay
FN:51,getRemainderTime
FN:62,calculateDueDate
FNF:8
FNH:2
FNDA:0,isWorkDay
FNDA:0,isWorkHour
FNDA:9,isWorkTime
FNDA:0,addDay
FNDA:0,addWeekDay
FNDA:0,nextDay
FNDA:0,getRemainderTime
FNDA:9,calculateDueDate
DA:5,1
DA:6,1
DA:11,0
DA:15,0
DA:19,9
DA:30,0
DA:34,0
DA:35,0
DA:37,0
DA:38,0
DA:46,0
DA:47,0
DA:48,0
DA:52,0
DA:53,0
DA:54,0
DA:56,0
DA:63,9
DA:64,9
DA:66,9
DA:67,9
DA:69,0
DA:70,0
DA:71,0
DA:73,0
DA:75,0
DA:76,0
DA:77,0
DA:80,0
DA:83,1
LF:30
LH:8
BRDA:11,0,0,0
BRDA:11,0,1,0
BRDA:15,1,0,0
BRDA:15,1,1,0
BRDA:20,2,0,9
BRDA:20,2,1,0
BRDA:20,2,2,0
BRDA:20,2,3,0
BRDA:37,3,0,0
BRDA:37,3,1,0
BRDA:66,4,0,9
BRDA:66,4,1,0
BRDA:66,5,0,9
BRDA:66,5,1,0
BRDA:66,5,2,0
BRDA:76,6,0,0
BRDA:76,6,1,0
BRF:17
BRH:3
end_of_record
