TN:
SF:calculateDueDate.js
FN:12,isWorkDay
FN:16,isWorkHour
FN:27,isWorkTime
FN:36,addDay
FN:40,addWeekDay
FN:50,nextDay
FN:58,getRemainderTime
FN:74,calculateDueDate
FNF:8
FNH:8
FNDA:15,isWorkDay
FNDA:8,isWorkHour
FNDA:8,isWorkTime
FNDA:7,addDay
FNDA:3,addWeekDay
FNDA:3,nextDay
FNDA:7,getRemainderTime
FNDA:8,calculateDueDate
DA:1,1
DA:9,1
DA:10,1
DA:13,15
DA:17,8
DA:28,8
DA:37,7
DA:41,3
DA:42,7
DA:44,7
DA:45,3
DA:51,3
DA:52,3
DA:53,3
DA:54,3
DA:55,3
DA:59,7
DA:60,7
DA:61,7
DA:62,7
DA:63,7
DA:65,7
DA:75,8
DA:76,8
DA:78,8
DA:79,4
DA:81,4
DA:82,7
DA:83,7
DA:85,7
DA:87,7
DA:88,7
DA:89,3
DA:92,4
DA:95,1
LF:35
LH:35
BRDA:13,0,0,15
BRDA:13,0,1,13
BRDA:18,1,0,8
BRDA:18,1,1,7
BRDA:18,1,2,1
BRDA:18,1,3,1
BRDA:18,1,4,0
BRDA:18,1,5,0
BRDA:29,2,0,8
BRDA:29,2,1,8
BRDA:29,2,2,8
BRDA:29,2,3,8
BRDA:44,3,0,3
BRDA:44,3,1,4
BRDA:78,4,0,4
BRDA:78,4,1,4
BRDA:78,5,0,8
BRDA:78,5,1,6
BRDA:78,5,2,6
BRDA:88,6,0,3
BRDA:88,6,1,4
BRF:21
BRH:19
end_of_record
